<?xml version="1.0" encoding="UTF-8"?>
<!-- Generated by org.testng.reporters.JUnitReportReporter -->
<testsuite hostname="MYPROBOOK" failures="0" tests="1" name="com.excelbd.tests.SignInTest" time="9.561" errors="0" timestamp="2024-03-01T20:54:57 BDT" skipped="0">
  <testcase classname="com.excelbd.tests.SignInTest" name="testSignInMethod" time="9.561"/>
</testsuite> <!-- com.excelbd.tests.SignInTest -->
