<?xml version="1.0" encoding="UTF-8"?>
<!-- Generated by org.testng.reporters.JUnitReportReporter -->
<testsuite hostname="MYPROBOOK" failures="0" tests="1" name="com.excelbd.tests.SelectFacilityTest" time="0.571" errors="0" timestamp="2024-02-29T18:11:02 BDT" skipped="0">
  <testcase classname="com.excelbd.tests.SelectFacilityTest" name="testSelectFacilityMethod" time="0.571"/>
</testsuite> <!-- com.excelbd.tests.SelectFacilityTest -->
